[1728464150.180][INFO]: Starting ChromeDriver 129.0.6668.91 (b00bc8b76d601dfd7471dbed072a547601ee7665-refs/branch-heads/6668@{#1505}) on port 43126
[1728464150.181][INFO]: Please see https://chromedriver.chromium.org/security-considerations for suggestions on keeping ChromeDriver safe.
[1728464150.187][INFO]: ChromeDriver was started successfully on port 43126
[1728464150.377][INFO]: [dce41a9145fd979ff12a0a97091bb3b9] COMMAND InitSession {
   "capabilities": {
      "firstMatch": [ {
         "browserName": "chrome",
         "goog:chromeOptions": {
            "args": [ "--remote-allow-origins=*" ],
            "binary": "C:\\Program Files\\Google\\Chrome\\Application\\chrome.exe",
            "extensions": [  ]
         },
         "goog:loggingPrefs": {
            "browser": "ALL",
            "driver": "ALL"
         }
      } ]
   }
}
[1728464150.380][INFO]: Populating Preferences file: {
   "alternate_error_pages": {
      "enabled": false
   },
   "autofill": {
      "enabled": false
   },
   "browser": {
      "check_default_browser": false
   },
   "distribution": {
      "import_bookmarks": false,
      "import_history": false,
      "import_search_engine": false,
      "make_chrome_default_for_user": false,
      "skip_first_run_ui": true
   },
   "dns_prefetching": {
      "enabled": false
   },
   "profile": {
      "content_settings": {
         "pattern_pairs": {
            "https://*,*": {
               "media-stream": {
                  "audio": "Default",
                  "video": "Default"
               }
            }
         }
      },
      "default_content_setting_values": {
         "geolocation": 1
      },
      "default_content_settings": {
         "geolocation": 1,
         "mouselock": 1,
         "notifications": 1,
         "popups": 1,
         "ppapi-broker": 1
      },
      "password_manager_enabled": false
   },
   "safebrowsing": {
      "enabled": false
   },
   "search": {
      "suggest_enabled": false
   },
   "translate": {
      "enabled": false
   }
}
[1728464150.382][INFO]: Populating Local State file: {
   "background_mode": {
      "enabled": false
   },
   "ssl": {
      "rev_checking": {
         "enabled": false
      }
   }
}
[1728464150.387][INFO]: ChromeDriver supports communication with Chrome via pipes. This is more reliable and more secure.
[1728464150.387][INFO]: Use the --remote-debugging-pipe Chrome switch instead of the default --remote-debugging-port to enable this communication mode.
[1728464150.390][INFO]: Launching chrome: "C:\Program Files\Google\Chrome\Application\chrome.exe" --allow-pre-commit-input --disable-background-networking --disable-backgrounding-occluded-windows --disable-client-side-phishing-detection --disable-default-apps --disable-hang-monitor --disable-popup-blocking --disable-prompt-on-repost --disable-sync --enable-automation --enable-logging --log-level=0 --no-first-run --no-service-autorun --password-store=basic --remote-allow-origins=* --remote-debugging-port=0 --test-type=webdriver --use-mock-keychain --user-data-dir="C:\Users\PRANEETH\AppData\Local\Temp\scoped_dir33160_1884379886" data:,
[1728464151.356][INFO]: resolved localhost to ["::1","127.0.0.1"]
[1728464151.468][INFO]: [dce41a9145fd979ff12a0a97091bb3b9] RESPONSE InitSession {
   "capabilities": {
      "acceptInsecureCerts": false,
      "browserName": "chrome",
      "browserVersion": "129.0.6668.90",
      "chrome": {
         "chromedriverVersion": "129.0.6668.91 (b00bc8b76d601dfd7471dbed072a547601ee7665-refs/branch-heads/6668@{#1505})",
         "userDataDir": "C:\\Users\\PRANEETH\\AppData\\Local\\Temp\\scoped_dir33160_1884379886"
      },
      "fedcm:accounts": true,
      "goog:chromeOptions": {
         "debuggerAddress": "localhost:57581"
      },
      "networkConnectionEnabled": false,
      "pageLoadStrategy": "normal",
      "platformName": "windows",
      "proxy": {
      },
      "setWindowRect": true,
      "strictFileInteractability": false,
      "timeouts": {
         "implicit": 0,
         "pageLoad": 300000,
         "script": 30000
      },
      "unhandledPromptBehavior": "dismiss and notify",
      "webauthn:extension:credBlob": true,
      "webauthn:extension:largeBlob": true,
      "webauthn:extension:minPinLength": true,
      "webauthn:extension:prf": true,
      "webauthn:virtualAuthenticators": true
   },
   "sessionId": "dce41a9145fd979ff12a0a97091bb3b9"
}
[1728464151.745][INFO]: [dce41a9145fd979ff12a0a97091bb3b9] COMMAND MaximizeWindow {
}
[1728464151.745][INFO]: Waiting for pending navigations...
[1728464151.746][INFO]: Done waiting for pending navigations. Status: ok
[1728464151.794][INFO]: Waiting for pending navigations...
[1728464151.795][INFO]: Done waiting for pending navigations. Status: ok
[1728464151.795][INFO]: [dce41a9145fd979ff12a0a97091bb3b9] RESPONSE MaximizeWindow {
   "height": 832,
   "width": 1552,
   "x": -8,
   "y": -8
}
[1728464151.851][INFO]: [dce41a9145fd979ff12a0a97091bb3b9] COMMAND Navigate {
   "url": "https://docs.google.com/forms/d/e/1FAIpQLSep9LTMntH5YqIXa5nkiPKSs283kdwitBBhXWyZdAS-e4CxBQ/viewform"
}
[1728464151.851][INFO]: Waiting for pending navigations...
[1728464151.853][INFO]: Done waiting for pending navigations. Status: ok
[1728464152.709][INFO]: Waiting for pending navigations...
[1728464153.602][INFO]: Done waiting for pending navigations. Status: ok
[1728464153.602][INFO]: [dce41a9145fd979ff12a0a97091bb3b9] RESPONSE Navigate
[1728464158.619][INFO]: [dce41a9145fd979ff12a0a97091bb3b9] COMMAND FindElement {
   "using": "xpath",
   "value": "(//input[@type='text'])[1]"
}
[1728464158.619][INFO]: Waiting for pending navigations...
[1728464158.620][INFO]: Done waiting for pending navigations. Status: ok
[1728464158.630][INFO]: Waiting for pending navigations...
[1728464158.631][INFO]: Done waiting for pending navigations. Status: ok
[1728464158.631][INFO]: [dce41a9145fd979ff12a0a97091bb3b9] RESPONSE FindElement {
   "element-6066-11e4-a52e-4f735466cecf": "f.A092BA1B6146E10C79ECCCB8939E6F96.d.1601B4AF1412CFB9DD180548386D7FC5.e.4"
}
[1728464158.641][INFO]: [dce41a9145fd979ff12a0a97091bb3b9] COMMAND FindElement {
   "using": "xpath",
   "value": "(//input[@type='text'])[1]"
}
[1728464158.641][INFO]: Waiting for pending navigations...
[1728464158.642][INFO]: Done waiting for pending navigations. Status: ok
[1728464158.648][INFO]: Waiting for pending navigations...
[1728464158.649][INFO]: Done waiting for pending navigations. Status: ok
[1728464158.649][INFO]: [dce41a9145fd979ff12a0a97091bb3b9] RESPONSE FindElement {
   "element-6066-11e4-a52e-4f735466cecf": "f.A092BA1B6146E10C79ECCCB8939E6F96.d.1601B4AF1412CFB9DD180548386D7FC5.e.4"
}
[1728464158.655][INFO]: [dce41a9145fd979ff12a0a97091bb3b9] COMMAND ClickElement {
   "id": "f.A092BA1B6146E10C79ECCCB8939E6F96.d.1601B4AF1412CFB9DD180548386D7FC5.e.4"
}
[1728464158.655][INFO]: Waiting for pending navigations...
[1728464158.656][INFO]: Done waiting for pending navigations. Status: ok
[1728464158.714][INFO]: Waiting for pending navigations...
[1728464158.716][INFO]: Done waiting for pending navigations. Status: ok
[1728464158.716][INFO]: [dce41a9145fd979ff12a0a97091bb3b9] RESPONSE ClickElement
[1728464158.723][INFO]: [dce41a9145fd979ff12a0a97091bb3b9] COMMAND TypeElement {
   "id": "f.A092BA1B6146E10C79ECCCB8939E6F96.d.1601B4AF1412CFB9DD180548386D7FC5.e.4",
   "text": "Crio Learner",
   "value": [ "C", "r", "i", "o", " ", "L", "e", "a", "r", "n", "e", "r" ]
}
[1728464158.723][INFO]: Waiting for pending navigations...
[1728464158.725][INFO]: Done waiting for pending navigations. Status: ok
[1728464158.786][INFO]: Waiting for pending navigations...
[1728464158.787][INFO]: Done waiting for pending navigations. Status: ok
[1728464158.787][INFO]: [dce41a9145fd979ff12a0a97091bb3b9] RESPONSE TypeElement
[1728464158.792][INFO]: [dce41a9145fd979ff12a0a97091bb3b9] COMMAND FindElement {
   "using": "xpath",
   "value": "//textarea[@class='KHxj8b tL9Q4c']"
}
[1728464158.792][INFO]: Waiting for pending navigations...
[1728464158.793][INFO]: Done waiting for pending navigations. Status: ok
[1728464158.801][INFO]: Waiting for pending navigations...
[1728464158.801][INFO]: Done waiting for pending navigations. Status: ok
[1728464158.801][INFO]: [dce41a9145fd979ff12a0a97091bb3b9] RESPONSE FindElement {
   "element-6066-11e4-a52e-4f735466cecf": "f.A092BA1B6146E10C79ECCCB8939E6F96.d.1601B4AF1412CFB9DD180548386D7FC5.e.6"
}
[1728464158.805][INFO]: [dce41a9145fd979ff12a0a97091bb3b9] COMMAND ClickElement {
   "id": "f.A092BA1B6146E10C79ECCCB8939E6F96.d.1601B4AF1412CFB9DD180548386D7FC5.e.6"
}
[1728464158.805][INFO]: Waiting for pending navigations...
[1728464158.806][INFO]: Done waiting for pending navigations. Status: ok
[1728464158.838][INFO]: Waiting for pending navigations...
[1728464158.839][INFO]: Done waiting for pending navigations. Status: ok
[1728464158.839][INFO]: [dce41a9145fd979ff12a0a97091bb3b9] RESPONSE ClickElement
[1728464158.843][INFO]: [dce41a9145fd979ff12a0a97091bb3b9] COMMAND TypeElement {
   "id": "f.A092BA1B6146E10C79ECCCB8939E6F96.d.1601B4AF1412CFB9DD180548386D7FC5.e.6",
   "text": "I want to be the best QA Engineer! 1728464158",
   "value": [ "I", " ", "w", "a", "n", "t", " ", "t", "o", " ", "b", "e", " ", "t", "h", "e", " ", "b", "e", "s", "t", " ", "Q", "A", " ", "E", "n", "g", "i", "n", "e", "e", "r", "!", " ", "1", "7", "2", "8", "4", "6", "4", "1", "5", "8" ]
}
[1728464158.843][INFO]: Waiting for pending navigations...
[1728464158.844][INFO]: Done waiting for pending navigations. Status: ok
[1728464158.974][INFO]: Waiting for pending navigations...
[1728464158.981][INFO]: Done waiting for pending navigations. Status: ok
[1728464158.981][INFO]: [dce41a9145fd979ff12a0a97091bb3b9] RESPONSE TypeElement
[1728464158.985][INFO]: [dce41a9145fd979ff12a0a97091bb3b9] COMMAND FindElement {
   "using": "xpath",
   "value": "(//div[@class='AB7Lab Id5V1'])[1]"
}
[1728464158.985][INFO]: Waiting for pending navigations...
[1728464158.988][INFO]: Done waiting for pending navigations. Status: ok
[1728464159.004][INFO]: Waiting for pending navigations...
[1728464159.004][INFO]: Done waiting for pending navigations. Status: ok
[1728464159.004][INFO]: [dce41a9145fd979ff12a0a97091bb3b9] RESPONSE FindElement {
   "element-6066-11e4-a52e-4f735466cecf": "f.A092BA1B6146E10C79ECCCB8939E6F96.d.1601B4AF1412CFB9DD180548386D7FC5.e.48"
}
[1728464159.009][INFO]: [dce41a9145fd979ff12a0a97091bb3b9] COMMAND ClickElement {
   "id": "f.A092BA1B6146E10C79ECCCB8939E6F96.d.1601B4AF1412CFB9DD180548386D7FC5.e.48"
}
[1728464159.009][INFO]: Waiting for pending navigations...
[1728464159.009][INFO]: Done waiting for pending navigations. Status: ok
[1728464159.045][INFO]: Waiting for pending navigations...
[1728464159.048][INFO]: Done waiting for pending navigations. Status: ok
[1728464159.048][INFO]: [dce41a9145fd979ff12a0a97091bb3b9] RESPONSE ClickElement
[1728464159.053][INFO]: [dce41a9145fd979ff12a0a97091bb3b9] COMMAND FindElement {
   "using": "xpath",
   "value": "//span[contains(text(),'Java')]"
}
[1728464159.053][INFO]: Waiting for pending navigations...
[1728464159.053][INFO]: Done waiting for pending navigations. Status: ok
[1728464159.063][INFO]: Waiting for pending navigations...
[1728464159.064][INFO]: Done waiting for pending navigations. Status: ok
[1728464159.064][INFO]: [dce41a9145fd979ff12a0a97091bb3b9] RESPONSE FindElement {
   "element-6066-11e4-a52e-4f735466cecf": "f.A092BA1B6146E10C79ECCCB8939E6F96.d.1601B4AF1412CFB9DD180548386D7FC5.e.55"
}
[1728464159.069][INFO]: [dce41a9145fd979ff12a0a97091bb3b9] COMMAND ClickElement {
   "id": "f.A092BA1B6146E10C79ECCCB8939E6F96.d.1601B4AF1412CFB9DD180548386D7FC5.e.55"
}
[1728464159.069][INFO]: Waiting for pending navigations...
[1728464159.071][INFO]: Done waiting for pending navigations. Status: ok
[1728464159.123][INFO]: Waiting for pending navigations...
[1728464159.128][INFO]: Done waiting for pending navigations. Status: ok
[1728464159.128][INFO]: [dce41a9145fd979ff12a0a97091bb3b9] RESPONSE ClickElement
[1728464159.132][INFO]: [dce41a9145fd979ff12a0a97091bb3b9] COMMAND FindElement {
   "using": "xpath",
   "value": "//span[contains(text(),'Selenium')]"
}
[1728464159.132][INFO]: Waiting for pending navigations...
[1728464159.133][INFO]: Done waiting for pending navigations. Status: ok
[1728464159.142][INFO]: Waiting for pending navigations...
[1728464159.144][INFO]: Done waiting for pending navigations. Status: ok
[1728464159.145][INFO]: [dce41a9145fd979ff12a0a97091bb3b9] RESPONSE FindElement {
   "element-6066-11e4-a52e-4f735466cecf": "f.A092BA1B6146E10C79ECCCB8939E6F96.d.1601B4AF1412CFB9DD180548386D7FC5.e.56"
}
[1728464159.150][INFO]: [dce41a9145fd979ff12a0a97091bb3b9] COMMAND ClickElement {
   "id": "f.A092BA1B6146E10C79ECCCB8939E6F96.d.1601B4AF1412CFB9DD180548386D7FC5.e.56"
}
[1728464159.150][INFO]: Waiting for pending navigations...
[1728464159.151][INFO]: Done waiting for pending navigations. Status: ok
[1728464159.190][INFO]: Waiting for pending navigations...
[1728464159.193][INFO]: Done waiting for pending navigations. Status: ok
[1728464159.193][INFO]: [dce41a9145fd979ff12a0a97091bb3b9] RESPONSE ClickElement
[1728464159.198][INFO]: [dce41a9145fd979ff12a0a97091bb3b9] COMMAND FindElement {
   "using": "xpath",
   "value": "//span[contains(text(),'TestNG')]"
}
[1728464159.198][INFO]: Waiting for pending navigations...
[1728464159.198][INFO]: Done waiting for pending navigations. Status: ok
[1728464159.209][INFO]: Waiting for pending navigations...
[1728464159.211][INFO]: Done waiting for pending navigations. Status: ok
[1728464159.211][INFO]: [dce41a9145fd979ff12a0a97091bb3b9] RESPONSE FindElement {
   "element-6066-11e4-a52e-4f735466cecf": "f.A092BA1B6146E10C79ECCCB8939E6F96.d.1601B4AF1412CFB9DD180548386D7FC5.e.57"
}
[1728464159.214][INFO]: [dce41a9145fd979ff12a0a97091bb3b9] COMMAND ClickElement {
   "id": "f.A092BA1B6146E10C79ECCCB8939E6F96.d.1601B4AF1412CFB9DD180548386D7FC5.e.57"
}
[1728464159.214][INFO]: Waiting for pending navigations...
[1728464159.217][INFO]: Done waiting for pending navigations. Status: ok
[1728464159.259][INFO]: Waiting for pending navigations...
[1728464159.261][INFO]: Done waiting for pending navigations. Status: ok
[1728464159.261][INFO]: [dce41a9145fd979ff12a0a97091bb3b9] RESPONSE ClickElement
[1728464159.265][INFO]: [dce41a9145fd979ff12a0a97091bb3b9] COMMAND FindElement {
   "using": "xpath",
   "value": "//span[contains(text(),'Choose')]"
}
[1728464159.265][INFO]: Waiting for pending navigations...
[1728464159.267][INFO]: Done waiting for pending navigations. Status: ok
[1728464159.275][INFO]: Waiting for pending navigations...
[1728464159.276][INFO]: Done waiting for pending navigations. Status: ok
[1728464159.276][INFO]: [dce41a9145fd979ff12a0a97091bb3b9] RESPONSE FindElement {
   "element-6066-11e4-a52e-4f735466cecf": "f.A092BA1B6146E10C79ECCCB8939E6F96.d.1601B4AF1412CFB9DD180548386D7FC5.e.58"
}
[1728464159.281][INFO]: [dce41a9145fd979ff12a0a97091bb3b9] COMMAND ClickElement {
   "id": "f.A092BA1B6146E10C79ECCCB8939E6F96.d.1601B4AF1412CFB9DD180548386D7FC5.e.58"
}
[1728464159.282][INFO]: Waiting for pending navigations...
[1728464159.282][INFO]: Done waiting for pending navigations. Status: ok
[1728464159.321][INFO]: Waiting for pending navigations...
[1728464159.323][INFO]: Done waiting for pending navigations. Status: ok
[1728464159.323][INFO]: [dce41a9145fd979ff12a0a97091bb3b9] RESPONSE ClickElement
[1728464162.332][INFO]: [dce41a9145fd979ff12a0a97091bb3b9] COMMAND FindElement {
   "using": "xpath",
   "value": "//div[@role='option']//span[text()='Mr']"
}
[1728464162.332][INFO]: Waiting for pending navigations...
[1728464162.333][INFO]: Done waiting for pending navigations. Status: ok
[1728464162.342][INFO]: Waiting for pending navigations...
[1728464162.343][INFO]: Done waiting for pending navigations. Status: ok
[1728464162.343][INFO]: [dce41a9145fd979ff12a0a97091bb3b9] RESPONSE FindElement {
   "element-6066-11e4-a52e-4f735466cecf": "f.A092BA1B6146E10C79ECCCB8939E6F96.d.1601B4AF1412CFB9DD180548386D7FC5.e.61"
}
[1728464162.347][INFO]: [dce41a9145fd979ff12a0a97091bb3b9] COMMAND ClickElement {
   "id": "f.A092BA1B6146E10C79ECCCB8939E6F96.d.1601B4AF1412CFB9DD180548386D7FC5.e.61"
}
[1728464162.347][INFO]: Waiting for pending navigations...
[1728464162.348][INFO]: Done waiting for pending navigations. Status: ok
[1728464162.392][INFO]: Waiting for pending navigations...
[1728464162.399][INFO]: Done waiting for pending navigations. Status: ok
[1728464162.399][INFO]: [dce41a9145fd979ff12a0a97091bb3b9] RESPONSE ClickElement
[1728464162.408][INFO]: [dce41a9145fd979ff12a0a97091bb3b9] COMMAND FindElement {
   "using": "xpath",
   "value": "//input[@aria-labelledby='i50']"
}
[1728464162.408][INFO]: Waiting for pending navigations...
[1728464162.410][INFO]: Done waiting for pending navigations. Status: ok
[1728464162.423][INFO]: Waiting for pending navigations...
[1728464162.425][INFO]: Done waiting for pending navigations. Status: ok
[1728464162.425][INFO]: [dce41a9145fd979ff12a0a97091bb3b9] RESPONSE FindElement {
   "element-6066-11e4-a52e-4f735466cecf": "f.A092BA1B6146E10C79ECCCB8939E6F96.d.1601B4AF1412CFB9DD180548386D7FC5.e.63"
}
[1728464162.438][INFO]: [dce41a9145fd979ff12a0a97091bb3b9] COMMAND ClickElement {
   "id": "f.A092BA1B6146E10C79ECCCB8939E6F96.d.1601B4AF1412CFB9DD180548386D7FC5.e.63"
}
[1728464162.438][INFO]: Waiting for pending navigations...
[1728464162.441][INFO]: Done waiting for pending navigations. Status: ok
[1728464162.503][INFO]: Waiting for pending navigations...
[1728464162.514][INFO]: Done waiting for pending navigations. Status: ok
[1728464162.514][INFO]: [dce41a9145fd979ff12a0a97091bb3b9] RESPONSE ClickElement
[1728464168.543][INFO]: [dce41a9145fd979ff12a0a97091bb3b9] COMMAND ClearElement {
   "id": "f.A092BA1B6146E10C79ECCCB8939E6F96.d.1601B4AF1412CFB9DD180548386D7FC5.e.63"
}
[1728464168.543][INFO]: Waiting for pending navigations...
[1728464168.544][INFO]: Done waiting for pending navigations. Status: ok
[1728464168.558][INFO]: 
	=== NOTE: ===
	The Clear command in ChromeDriver 2.43 and above
	has been updated to conform to the current standard,
	including raising blur event after clearing.

[1728464168.567][INFO]: Waiting for pending navigations...
[1728464168.568][INFO]: Done waiting for pending navigations. Status: ok
[1728464168.568][INFO]: [dce41a9145fd979ff12a0a97091bb3b9] RESPONSE ClearElement
[1728464168.571][INFO]: [dce41a9145fd979ff12a0a97091bb3b9] COMMAND TypeElement {
   "id": "f.A092BA1B6146E10C79ECCCB8939E6F96.d.1601B4AF1412CFB9DD180548386D7FC5.e.63",
   "text": "02-10-2024",
   "value": [ "0", "2", "-", "1", "0", "-", "2", "0", "2", "4" ]
}
[1728464168.571][INFO]: Waiting for pending navigations...
[1728464168.572][INFO]: Done waiting for pending navigations. Status: ok
[1728464168.635][INFO]: Waiting for pending navigations...
[1728464168.637][INFO]: Done waiting for pending navigations. Status: ok
[1728464168.637][INFO]: [dce41a9145fd979ff12a0a97091bb3b9] RESPONSE TypeElement
[1728464168.641][INFO]: [dce41a9145fd979ff12a0a97091bb3b9] COMMAND FindElement {
   "using": "xpath",
   "value": "//input[@aria-label='Hour']"
}
[1728464168.641][INFO]: Waiting for pending navigations...
[1728464168.642][INFO]: Done waiting for pending navigations. Status: ok
[1728464168.649][INFO]: Waiting for pending navigations...
[1728464168.650][INFO]: Done waiting for pending navigations. Status: ok
[1728464168.650][INFO]: [dce41a9145fd979ff12a0a97091bb3b9] RESPONSE FindElement {
   "element-6066-11e4-a52e-4f735466cecf": "f.A092BA1B6146E10C79ECCCB8939E6F96.d.1601B4AF1412CFB9DD180548386D7FC5.e.7"
}
[1728464168.654][INFO]: [dce41a9145fd979ff12a0a97091bb3b9] COMMAND FindElement {
   "using": "xpath",
   "value": "//input[@aria-label='Hour']"
}
[1728464168.654][INFO]: Waiting for pending navigations...
[1728464168.654][INFO]: Done waiting for pending navigations. Status: ok
[1728464168.658][INFO]: Waiting for pending navigations...
[1728464168.658][INFO]: Done waiting for pending navigations. Status: ok
[1728464168.658][INFO]: [dce41a9145fd979ff12a0a97091bb3b9] RESPONSE FindElement {
   "element-6066-11e4-a52e-4f735466cecf": "f.A092BA1B6146E10C79ECCCB8939E6F96.d.1601B4AF1412CFB9DD180548386D7FC5.e.7"
}
[1728464168.662][INFO]: [dce41a9145fd979ff12a0a97091bb3b9] COMMAND ClickElement {
   "id": "f.A092BA1B6146E10C79ECCCB8939E6F96.d.1601B4AF1412CFB9DD180548386D7FC5.e.7"
}
[1728464168.662][INFO]: Waiting for pending navigations...
[1728464168.662][INFO]: Done waiting for pending navigations. Status: ok
[1728464168.700][INFO]: Waiting for pending navigations...
[1728464168.702][INFO]: Done waiting for pending navigations. Status: ok
[1728464168.703][INFO]: [dce41a9145fd979ff12a0a97091bb3b9] RESPONSE ClickElement
[1728464168.706][INFO]: [dce41a9145fd979ff12a0a97091bb3b9] COMMAND TypeElement {
   "id": "f.A092BA1B6146E10C79ECCCB8939E6F96.d.1601B4AF1412CFB9DD180548386D7FC5.e.7",
   "text": "07",
   "value": [ "0", "7" ]
}
[1728464168.706][INFO]: Waiting for pending navigations...
[1728464168.707][INFO]: Done waiting for pending navigations. Status: ok
[1728464168.738][INFO]: Waiting for pending navigations...
[1728464168.740][INFO]: Done waiting for pending navigations. Status: ok
[1728464168.740][INFO]: [dce41a9145fd979ff12a0a97091bb3b9] RESPONSE TypeElement
[1728464171.748][INFO]: [dce41a9145fd979ff12a0a97091bb3b9] COMMAND FindElement {
   "using": "xpath",
   "value": "//input[@aria-label='Minute']"
}
[1728464171.748][INFO]: Waiting for pending navigations...
[1728464171.748][INFO]: Done waiting for pending navigations. Status: ok
[1728464171.757][INFO]: Waiting for pending navigations...
[1728464171.757][INFO]: Done waiting for pending navigations. Status: ok
[1728464171.757][INFO]: [dce41a9145fd979ff12a0a97091bb3b9] RESPONSE FindElement {
   "element-6066-11e4-a52e-4f735466cecf": "f.A092BA1B6146E10C79ECCCB8939E6F96.d.1601B4AF1412CFB9DD180548386D7FC5.e.8"
}
[1728464171.760][INFO]: [dce41a9145fd979ff12a0a97091bb3b9] COMMAND FindElement {
   "using": "xpath",
   "value": "//input[@aria-label='Minute']"
}
[1728464171.761][INFO]: Waiting for pending navigations...
[1728464171.762][INFO]: Done waiting for pending navigations. Status: ok
[1728464171.767][INFO]: Waiting for pending navigations...
[1728464171.768][INFO]: Done waiting for pending navigations. Status: ok
[1728464171.768][INFO]: [dce41a9145fd979ff12a0a97091bb3b9] RESPONSE FindElement {
   "element-6066-11e4-a52e-4f735466cecf": "f.A092BA1B6146E10C79ECCCB8939E6F96.d.1601B4AF1412CFB9DD180548386D7FC5.e.8"
}
[1728464171.771][INFO]: [dce41a9145fd979ff12a0a97091bb3b9] COMMAND ClickElement {
   "id": "f.A092BA1B6146E10C79ECCCB8939E6F96.d.1601B4AF1412CFB9DD180548386D7FC5.e.8"
}
[1728464171.771][INFO]: Waiting for pending navigations...
[1728464171.772][INFO]: Done waiting for pending navigations. Status: ok
[1728464171.823][INFO]: Waiting for pending navigations...
[1728464171.827][INFO]: Done waiting for pending navigations. Status: ok
[1728464171.827][INFO]: [dce41a9145fd979ff12a0a97091bb3b9] RESPONSE ClickElement
[1728464171.836][INFO]: [dce41a9145fd979ff12a0a97091bb3b9] COMMAND TypeElement {
   "id": "f.A092BA1B6146E10C79ECCCB8939E6F96.d.1601B4AF1412CFB9DD180548386D7FC5.e.8",
   "text": "30",
   "value": [ "3", "0" ]
}
[1728464171.837][INFO]: Waiting for pending navigations...
[1728464171.838][INFO]: Done waiting for pending navigations. Status: ok
[1728464171.882][INFO]: Waiting for pending navigations...
[1728464171.886][INFO]: Done waiting for pending navigations. Status: ok
[1728464171.886][INFO]: [dce41a9145fd979ff12a0a97091bb3b9] RESPONSE TypeElement
[1728464173.890][INFO]: [dce41a9145fd979ff12a0a97091bb3b9] COMMAND FindElement {
   "using": "xpath",
   "value": "//span[text()='Submit']"
}
[1728464173.890][INFO]: Waiting for pending navigations...
[1728464173.891][INFO]: Done waiting for pending navigations. Status: ok
[1728464173.899][INFO]: Waiting for pending navigations...
[1728464173.900][INFO]: Done waiting for pending navigations. Status: ok
[1728464173.900][INFO]: [dce41a9145fd979ff12a0a97091bb3b9] RESPONSE FindElement {
   "element-6066-11e4-a52e-4f735466cecf": "f.A092BA1B6146E10C79ECCCB8939E6F96.d.1601B4AF1412CFB9DD180548386D7FC5.e.83"
}
[1728464173.904][INFO]: [dce41a9145fd979ff12a0a97091bb3b9] COMMAND ClickElement {
   "id": "f.A092BA1B6146E10C79ECCCB8939E6F96.d.1601B4AF1412CFB9DD180548386D7FC5.e.83"
}
[1728464173.904][INFO]: Waiting for pending navigations...
[1728464173.905][INFO]: Done waiting for pending navigations. Status: ok
[1728464173.945][INFO]: Waiting for pending navigations...
[1728464175.143][INFO]: Done waiting for pending navigations. Status: ok
[1728464175.143][INFO]: [dce41a9145fd979ff12a0a97091bb3b9] RESPONSE ClickElement
[1728464177.161][INFO]: [dce41a9145fd979ff12a0a97091bb3b9] COMMAND FindElement {
   "using": "xpath",
   "value": "//div[text()='Thanks for your response, Automation Wizard!']"
}
[1728464177.161][INFO]: Waiting for pending navigations...
[1728464177.162][INFO]: Done waiting for pending navigations. Status: ok
[1728464177.170][INFO]: Waiting for pending navigations...
[1728464177.172][INFO]: Done waiting for pending navigations. Status: ok
[1728464177.172][INFO]: [dce41a9145fd979ff12a0a97091bb3b9] RESPONSE FindElement {
   "element-6066-11e4-a52e-4f735466cecf": "f.A092BA1B6146E10C79ECCCB8939E6F96.d.E62E1F71307AB187BE63EE18399024B5.e.91"
}
[1728464177.176][INFO]: [dce41a9145fd979ff12a0a97091bb3b9] COMMAND GetElementText {
   "id": "f.A092BA1B6146E10C79ECCCB8939E6F96.d.E62E1F71307AB187BE63EE18399024B5.e.91"
}
[1728464177.177][INFO]: Waiting for pending navigations...
[1728464177.177][INFO]: Done waiting for pending navigations. Status: ok
[1728464177.187][INFO]: Waiting for pending navigations...
[1728464177.188][INFO]: Done waiting for pending navigations. Status: ok
[1728464177.188][INFO]: [dce41a9145fd979ff12a0a97091bb3b9] RESPONSE GetElementText "Thanks for your response, Automation Wizard!"
[1728464177.193][INFO]: [dce41a9145fd979ff12a0a97091bb3b9] COMMAND CloseWindow {
}
[1728464177.412][INFO]: [dce41a9145fd979ff12a0a97091bb3b9] RESPONSE CloseWindow [  ]
